Determining if the pthread_create exist failed with the following output:
Change Dir: /afs/cs.stanford.edu/u/twangcat/scratch/caffenet1.0/CMakeFiles/CMakeTmp

Run Build Command:/usr/bin/gmake "cmTryCompileExec232956035/fast"
/usr/bin/gmake -f CMakeFiles/cmTryCompileExec232956035.dir/build.make CMakeFiles/cmTryCompileExec232956035.dir/build
gmake[1]: Entering directory `/afs/cs.stanford.edu/u/twangcat/scratch/caffenet1.0/CMakeFiles/CMakeTmp'
/afs/cs.stanford.edu/u/twangcat/scratch/packages/bin/cmake -E cmake_progress_report /afs/cs.stanford.edu/u/twangcat/scratch/caffenet1.0/CMakeFiles/CMakeTmp/CMakeFiles 1
Building C object CMakeFiles/cmTryCompileExec232956035.dir/CheckSymbolExists.c.o
/usr/lib64/ccache/cc    -o CMakeFiles/cmTryCompileExec232956035.dir/CheckSymbolExists.c.o   -c /afs/cs.stanford.edu/u/twangcat/scratch/caffenet1.0/CMakeFiles/CMakeTmp/CheckSymbolExists.c
Linking C executable cmTryCompileExec232956035
/afs/cs.stanford.edu/u/twangcat/scratch/packages/bin/cmake -E cmake_link_script CMakeFiles/cmTryCompileExec232956035.dir/link.txt --verbose=1
/usr/lib64/ccache/cc       CMakeFiles/cmTryCompileExec232956035.dir/CheckSymbolExists.c.o  -o cmTryCompileExec232956035 -rdynamic 
CMakeFiles/cmTryCompileExec232956035.dir/CheckSymbolExists.c.o: In function `main':
CheckSymbolExists.c:(.text+0xc): undefined reference to `pthread_create'
collect2: ld returned 1 exit status
gmake[1]: *** [cmTryCompileExec232956035] Error 1
gmake[1]: Leaving directory `/afs/cs.stanford.edu/u/twangcat/scratch/caffenet1.0/CMakeFiles/CMakeTmp'
gmake: *** [cmTryCompileExec232956035/fast] Error 2

File /afs/cs.stanford.edu/u/twangcat/scratch/caffenet1.0/CMakeFiles/CMakeTmp/CheckSymbolExists.c:
/* */
#include <pthread.h>

int main(int argc, char** argv)
{
  (void)argv;
#ifndef pthread_create
  return ((int*)(&pthread_create))[argc];
#else
  (void)argc;
  return 0;
#endif
}

Determining if the function pthread_create exists in the pthreads failed with the following output:
Change Dir: /afs/cs.stanford.edu/u/twangcat/scratch/caffenet1.0/CMakeFiles/CMakeTmp

Run Build Command:/usr/bin/gmake "cmTryCompileExec997379621/fast"
/usr/bin/gmake -f CMakeFiles/cmTryCompileExec997379621.dir/build.make CMakeFiles/cmTryCompileExec997379621.dir/build
gmake[1]: Entering directory `/afs/cs.stanford.edu/u/twangcat/scratch/caffenet1.0/CMakeFiles/CMakeTmp'
/afs/cs.stanford.edu/u/twangcat/scratch/packages/bin/cmake -E cmake_progress_report /afs/cs.stanford.edu/u/twangcat/scratch/caffenet1.0/CMakeFiles/CMakeTmp/CMakeFiles 1
Building C object CMakeFiles/cmTryCompileExec997379621.dir/CheckFunctionExists.c.o
/usr/lib64/ccache/cc   -DCHECK_FUNCTION_EXISTS=pthread_create   -o CMakeFiles/cmTryCompileExec997379621.dir/CheckFunctionExists.c.o   -c /afs/cs.stanford.edu/u/twangcat/scratch/packages/share/cmake-2.8/Modules/CheckFunctionExists.c
Linking C executable cmTryCompileExec997379621
/afs/cs.stanford.edu/u/twangcat/scratch/packages/bin/cmake -E cmake_link_script CMakeFiles/cmTryCompileExec997379621.dir/link.txt --verbose=1
/usr/lib64/ccache/cc   -DCHECK_FUNCTION_EXISTS=pthread_create    CMakeFiles/cmTryCompileExec997379621.dir/CheckFunctionExists.c.o  -o cmTryCompileExec997379621 -rdynamic -lpthreads 
/usr/bin/ld: cannot find -lpthreads
collect2: ld returned 1 exit status
gmake[1]: *** [cmTryCompileExec997379621] Error 1
gmake[1]: Leaving directory `/afs/cs.stanford.edu/u/twangcat/scratch/caffenet1.0/CMakeFiles/CMakeTmp'
gmake: *** [cmTryCompileExec997379621/fast] Error 2


Determining if the pthread_create exist failed with the following output:
Change Dir: /afs/cs.stanford.edu/u/twangcat/scratch/caffenet1.0/CMakeFiles/CMakeTmp

Run Build Command:/usr/bin/gmake "cmTryCompileExec1384300592/fast"
/usr/bin/gmake -f CMakeFiles/cmTryCompileExec1384300592.dir/build.make CMakeFiles/cmTryCompileExec1384300592.dir/build
gmake[1]: Entering directory `/afs/cs.stanford.edu/u/twangcat/scratch/caffenet1.0/CMakeFiles/CMakeTmp'
/afs/cs.stanford.edu/u/twangcat/scratch/packages/bin/cmake -E cmake_progress_report /afs/cs.stanford.edu/u/twangcat/scratch/caffenet1.0/CMakeFiles/CMakeTmp/CMakeFiles 1
Building C object CMakeFiles/cmTryCompileExec1384300592.dir/CheckSymbolExists.c.o
/usr/lib64/ccache/cc    -o CMakeFiles/cmTryCompileExec1384300592.dir/CheckSymbolExists.c.o   -c /afs/cs.stanford.edu/u/twangcat/scratch/caffenet1.0/CMakeFiles/CMakeTmp/CheckSymbolExists.c
Linking C executable cmTryCompileExec1384300592
/afs/cs.stanford.edu/u/twangcat/scratch/packages/bin/cmake -E cmake_link_script CMakeFiles/cmTryCompileExec1384300592.dir/link.txt --verbose=1
/usr/lib64/ccache/cc       CMakeFiles/cmTryCompileExec1384300592.dir/CheckSymbolExists.c.o  -o cmTryCompileExec1384300592 -rdynamic 
CMakeFiles/cmTryCompileExec1384300592.dir/CheckSymbolExists.c.o: In function `main':
CheckSymbolExists.c:(.text+0xc): undefined reference to `pthread_create'
collect2: ld returned 1 exit status
gmake[1]: *** [cmTryCompileExec1384300592] Error 1
gmake[1]: Leaving directory `/afs/cs.stanford.edu/u/twangcat/scratch/caffenet1.0/CMakeFiles/CMakeTmp'
gmake: *** [cmTryCompileExec1384300592/fast] Error 2

File /afs/cs.stanford.edu/u/twangcat/scratch/caffenet1.0/CMakeFiles/CMakeTmp/CheckSymbolExists.c:
/* */
#include <pthread.h>

int main(int argc, char** argv)
{
  (void)argv;
#ifndef pthread_create
  return ((int*)(&pthread_create))[argc];
#else
  (void)argc;
  return 0;
#endif
}

Determining if the function pthread_create exists in the pthreads failed with the following output:
Change Dir: /afs/cs.stanford.edu/u/twangcat/scratch/caffenet1.0/CMakeFiles/CMakeTmp

Run Build Command:/usr/bin/gmake "cmTryCompileExec2507632272/fast"
/usr/bin/gmake -f CMakeFiles/cmTryCompileExec2507632272.dir/build.make CMakeFiles/cmTryCompileExec2507632272.dir/build
gmake[1]: Entering directory `/afs/cs.stanford.edu/u/twangcat/scratch/caffenet1.0/CMakeFiles/CMakeTmp'
/afs/cs.stanford.edu/u/twangcat/scratch/packages/bin/cmake -E cmake_progress_report /afs/cs.stanford.edu/u/twangcat/scratch/caffenet1.0/CMakeFiles/CMakeTmp/CMakeFiles 1
Building C object CMakeFiles/cmTryCompileExec2507632272.dir/CheckFunctionExists.c.o
/usr/lib64/ccache/cc   -DCHECK_FUNCTION_EXISTS=pthread_create   -o CMakeFiles/cmTryCompileExec2507632272.dir/CheckFunctionExists.c.o   -c /afs/cs.stanford.edu/u/twangcat/scratch/packages/share/cmake-2.8/Modules/CheckFunctionExists.c
Linking C executable cmTryCompileExec2507632272
/afs/cs.stanford.edu/u/twangcat/scratch/packages/bin/cmake -E cmake_link_script CMakeFiles/cmTryCompileExec2507632272.dir/link.txt --verbose=1
/usr/lib64/ccache/cc   -DCHECK_FUNCTION_EXISTS=pthread_create    CMakeFiles/cmTryCompileExec2507632272.dir/CheckFunctionExists.c.o  -o cmTryCompileExec2507632272 -rdynamic -lpthreads 
/usr/bin/ld: cannot find -lpthreads
collect2: ld returned 1 exit status
gmake[1]: *** [cmTryCompileExec2507632272] Error 1
gmake[1]: Leaving directory `/afs/cs.stanford.edu/u/twangcat/scratch/caffenet1.0/CMakeFiles/CMakeTmp'
gmake: *** [cmTryCompileExec2507632272/fast] Error 2


Determining if the pthread_create exist failed with the following output:
Change Dir: /afs/cs.stanford.edu/u/twangcat/scratch/caffenet1.0/CMakeFiles/CMakeTmp

Run Build Command:/usr/bin/gmake "cmTryCompileExec4166152767/fast"
/usr/bin/gmake -f CMakeFiles/cmTryCompileExec4166152767.dir/build.make CMakeFiles/cmTryCompileExec4166152767.dir/build
gmake[1]: Entering directory `/afs/cs.stanford.edu/u/twangcat/scratch/caffenet1.0/CMakeFiles/CMakeTmp'
/afs/cs.stanford.edu/u/twangcat/scratch/packages/bin/cmake -E cmake_progress_report /afs/cs.stanford.edu/u/twangcat/scratch/caffenet1.0/CMakeFiles/CMakeTmp/CMakeFiles 1
Building C object CMakeFiles/cmTryCompileExec4166152767.dir/CheckSymbolExists.c.o
/usr/lib64/ccache/cc    -o CMakeFiles/cmTryCompileExec4166152767.dir/CheckSymbolExists.c.o   -c /afs/cs.stanford.edu/u/twangcat/scratch/caffenet1.0/CMakeFiles/CMakeTmp/CheckSymbolExists.c
Linking C executable cmTryCompileExec4166152767
/afs/cs.stanford.edu/u/twangcat/scratch/packages/bin/cmake -E cmake_link_script CMakeFiles/cmTryCompileExec4166152767.dir/link.txt --verbose=1
/usr/lib64/ccache/cc       CMakeFiles/cmTryCompileExec4166152767.dir/CheckSymbolExists.c.o  -o cmTryCompileExec4166152767 -rdynamic 
CMakeFiles/cmTryCompileExec4166152767.dir/CheckSymbolExists.c.o: In function `main':
CheckSymbolExists.c:(.text+0xc): undefined reference to `pthread_create'
collect2: ld returned 1 exit status
gmake[1]: *** [cmTryCompileExec4166152767] Error 1
gmake[1]: Leaving directory `/afs/cs.stanford.edu/u/twangcat/scratch/caffenet1.0/CMakeFiles/CMakeTmp'
gmake: *** [cmTryCompileExec4166152767/fast] Error 2

File /afs/cs.stanford.edu/u/twangcat/scratch/caffenet1.0/CMakeFiles/CMakeTmp/CheckSymbolExists.c:
/* */
#include <pthread.h>

int main(int argc, char** argv)
{
  (void)argv;
#ifndef pthread_create
  return ((int*)(&pthread_create))[argc];
#else
  (void)argc;
  return 0;
#endif
}

Determining if the function pthread_create exists in the pthreads failed with the following output:
Change Dir: /afs/cs.stanford.edu/u/twangcat/scratch/caffenet1.0/CMakeFiles/CMakeTmp

Run Build Command:/usr/bin/gmake "cmTryCompileExec2241976405/fast"
/usr/bin/gmake -f CMakeFiles/cmTryCompileExec2241976405.dir/build.make CMakeFiles/cmTryCompileExec2241976405.dir/build
gmake[1]: Entering directory `/afs/cs.stanford.edu/u/twangcat/scratch/caffenet1.0/CMakeFiles/CMakeTmp'
/afs/cs.stanford.edu/u/twangcat/scratch/packages/bin/cmake -E cmake_progress_report /afs/cs.stanford.edu/u/twangcat/scratch/caffenet1.0/CMakeFiles/CMakeTmp/CMakeFiles 1
Building C object CMakeFiles/cmTryCompileExec2241976405.dir/CheckFunctionExists.c.o
/usr/lib64/ccache/cc   -DCHECK_FUNCTION_EXISTS=pthread_create   -o CMakeFiles/cmTryCompileExec2241976405.dir/CheckFunctionExists.c.o   -c /afs/cs.stanford.edu/u/twangcat/scratch/packages/share/cmake-2.8/Modules/CheckFunctionExists.c
Linking C executable cmTryCompileExec2241976405
/afs/cs.stanford.edu/u/twangcat/scratch/packages/bin/cmake -E cmake_link_script CMakeFiles/cmTryCompileExec2241976405.dir/link.txt --verbose=1
/usr/lib64/ccache/cc   -DCHECK_FUNCTION_EXISTS=pthread_create    CMakeFiles/cmTryCompileExec2241976405.dir/CheckFunctionExists.c.o  -o cmTryCompileExec2241976405 -rdynamic -lpthreads 
/usr/bin/ld: cannot find -lpthreads
collect2: ld returned 1 exit status
gmake[1]: *** [cmTryCompileExec2241976405] Error 1
gmake[1]: Leaving directory `/afs/cs.stanford.edu/u/twangcat/scratch/caffenet1.0/CMakeFiles/CMakeTmp'
gmake: *** [cmTryCompileExec2241976405/fast] Error 2


Determining if the pthread_create exist failed with the following output:
Change Dir: /afs/cs.stanford.edu/u/twangcat/scratch/caffenet1.0/CMakeFiles/CMakeTmp

Run Build Command:/usr/bin/gmake "cmTryCompileExec3826492090/fast"
/usr/bin/gmake -f CMakeFiles/cmTryCompileExec3826492090.dir/build.make CMakeFiles/cmTryCompileExec3826492090.dir/build
gmake[1]: Entering directory `/afs/cs.stanford.edu/u/twangcat/scratch/caffenet1.0/CMakeFiles/CMakeTmp'
/afs/cs.stanford.edu/u/twangcat/scratch/packages/bin/cmake -E cmake_progress_report /afs/cs.stanford.edu/u/twangcat/scratch/caffenet1.0/CMakeFiles/CMakeTmp/CMakeFiles 1
Building C object CMakeFiles/cmTryCompileExec3826492090.dir/CheckSymbolExists.c.o
/usr/lib64/ccache/cc    -o CMakeFiles/cmTryCompileExec3826492090.dir/CheckSymbolExists.c.o   -c /afs/cs.stanford.edu/u/twangcat/scratch/caffenet1.0/CMakeFiles/CMakeTmp/CheckSymbolExists.c
Linking C executable cmTryCompileExec3826492090
/afs/cs.stanford.edu/u/twangcat/scratch/packages/bin/cmake -E cmake_link_script CMakeFiles/cmTryCompileExec3826492090.dir/link.txt --verbose=1
/usr/lib64/ccache/cc       CMakeFiles/cmTryCompileExec3826492090.dir/CheckSymbolExists.c.o  -o cmTryCompileExec3826492090 -rdynamic 
CMakeFiles/cmTryCompileExec3826492090.dir/CheckSymbolExists.c.o: In function `main':
CheckSymbolExists.c:(.text+0xc): undefined reference to `pthread_create'
collect2: ld returned 1 exit status
gmake[1]: *** [cmTryCompileExec3826492090] Error 1
gmake[1]: Leaving directory `/afs/cs.stanford.edu/u/twangcat/scratch/caffenet1.0/CMakeFiles/CMakeTmp'
gmake: *** [cmTryCompileExec3826492090/fast] Error 2

File /afs/cs.stanford.edu/u/twangcat/scratch/caffenet1.0/CMakeFiles/CMakeTmp/CheckSymbolExists.c:
/* */
#include <pthread.h>

int main(int argc, char** argv)
{
  (void)argv;
#ifndef pthread_create
  return ((int*)(&pthread_create))[argc];
#else
  (void)argc;
  return 0;
#endif
}

Determining if the function pthread_create exists in the pthreads failed with the following output:
Change Dir: /afs/cs.stanford.edu/u/twangcat/scratch/caffenet1.0/CMakeFiles/CMakeTmp

Run Build Command:/usr/bin/gmake "cmTryCompileExec562537943/fast"
/usr/bin/gmake -f CMakeFiles/cmTryCompileExec562537943.dir/build.make CMakeFiles/cmTryCompileExec562537943.dir/build
gmake[1]: Entering directory `/afs/cs.stanford.edu/u/twangcat/scratch/caffenet1.0/CMakeFiles/CMakeTmp'
/afs/cs.stanford.edu/u/twangcat/scratch/packages/bin/cmake -E cmake_progress_report /afs/cs.stanford.edu/u/twangcat/scratch/caffenet1.0/CMakeFiles/CMakeTmp/CMakeFiles 1
Building C object CMakeFiles/cmTryCompileExec562537943.dir/CheckFunctionExists.c.o
/usr/lib64/ccache/cc   -DCHECK_FUNCTION_EXISTS=pthread_create   -o CMakeFiles/cmTryCompileExec562537943.dir/CheckFunctionExists.c.o   -c /afs/cs.stanford.edu/u/twangcat/scratch/packages/share/cmake-2.8/Modules/CheckFunctionExists.c
Linking C executable cmTryCompileExec562537943
/afs/cs.stanford.edu/u/twangcat/scratch/packages/bin/cmake -E cmake_link_script CMakeFiles/cmTryCompileExec562537943.dir/link.txt --verbose=1
/usr/lib64/ccache/cc   -DCHECK_FUNCTION_EXISTS=pthread_create    CMakeFiles/cmTryCompileExec562537943.dir/CheckFunctionExists.c.o  -o cmTryCompileExec562537943 -rdynamic -lpthreads 
/usr/bin/ld: cannot find -lpthreads
collect2: ld returned 1 exit status
gmake[1]: *** [cmTryCompileExec562537943] Error 1
gmake[1]: Leaving directory `/afs/cs.stanford.edu/u/twangcat/scratch/caffenet1.0/CMakeFiles/CMakeTmp'
gmake: *** [cmTryCompileExec562537943/fast] Error 2


Determining if the pthread_create exist failed with the following output:
Change Dir: /afs/cs.stanford.edu/u/twangcat/scratch/caffenet1.0/CMakeFiles/CMakeTmp

Run Build Command:/usr/bin/gmake "cmTryCompileExec3052548144/fast"
/usr/bin/gmake -f CMakeFiles/cmTryCompileExec3052548144.dir/build.make CMakeFiles/cmTryCompileExec3052548144.dir/build
gmake[1]: Entering directory `/afs/cs.stanford.edu/u/twangcat/scratch/caffenet1.0/CMakeFiles/CMakeTmp'
/afs/cs.stanford.edu/u/twangcat/scratch/packages/bin/cmake -E cmake_progress_report /afs/cs.stanford.edu/u/twangcat/scratch/caffenet1.0/CMakeFiles/CMakeTmp/CMakeFiles 1
Building C object CMakeFiles/cmTryCompileExec3052548144.dir/CheckSymbolExists.c.o
/usr/lib64/ccache/cc    -o CMakeFiles/cmTryCompileExec3052548144.dir/CheckSymbolExists.c.o   -c /afs/cs.stanford.edu/u/twangcat/scratch/caffenet1.0/CMakeFiles/CMakeTmp/CheckSymbolExists.c
Linking C executable cmTryCompileExec3052548144
/afs/cs.stanford.edu/u/twangcat/scratch/packages/bin/cmake -E cmake_link_script CMakeFiles/cmTryCompileExec3052548144.dir/link.txt --verbose=1
/usr/lib64/ccache/cc       CMakeFiles/cmTryCompileExec3052548144.dir/CheckSymbolExists.c.o  -o cmTryCompileExec3052548144 -rdynamic 
CMakeFiles/cmTryCompileExec3052548144.dir/CheckSymbolExists.c.o: In function `main':
CheckSymbolExists.c:(.text+0xc): undefined reference to `pthread_create'
collect2: ld returned 1 exit status
gmake[1]: *** [cmTryCompileExec3052548144] Error 1
gmake[1]: Leaving directory `/afs/cs.stanford.edu/u/twangcat/scratch/caffenet1.0/CMakeFiles/CMakeTmp'
gmake: *** [cmTryCompileExec3052548144/fast] Error 2

File /afs/cs.stanford.edu/u/twangcat/scratch/caffenet1.0/CMakeFiles/CMakeTmp/CheckSymbolExists.c:
/* */
#include <pthread.h>

int main(int argc, char** argv)
{
  (void)argv;
#ifndef pthread_create
  return ((int*)(&pthread_create))[argc];
#else
  (void)argc;
  return 0;
#endif
}

Determining if the function pthread_create exists in the pthreads failed with the following output:
Change Dir: /afs/cs.stanford.edu/u/twangcat/scratch/caffenet1.0/CMakeFiles/CMakeTmp

Run Build Command:/usr/bin/gmake "cmTryCompileExec990442600/fast"
/usr/bin/gmake -f CMakeFiles/cmTryCompileExec990442600.dir/build.make CMakeFiles/cmTryCompileExec990442600.dir/build
gmake[1]: Entering directory `/afs/cs.stanford.edu/u/twangcat/scratch/caffenet1.0/CMakeFiles/CMakeTmp'
/afs/cs.stanford.edu/u/twangcat/scratch/packages/bin/cmake -E cmake_progress_report /afs/cs.stanford.edu/u/twangcat/scratch/caffenet1.0/CMakeFiles/CMakeTmp/CMakeFiles 1
Building C object CMakeFiles/cmTryCompileExec990442600.dir/CheckFunctionExists.c.o
/usr/lib64/ccache/cc   -DCHECK_FUNCTION_EXISTS=pthread_create   -o CMakeFiles/cmTryCompileExec990442600.dir/CheckFunctionExists.c.o   -c /afs/cs.stanford.edu/u/twangcat/scratch/packages/share/cmake-2.8/Modules/CheckFunctionExists.c
Linking C executable cmTryCompileExec990442600
/afs/cs.stanford.edu/u/twangcat/scratch/packages/bin/cmake -E cmake_link_script CMakeFiles/cmTryCompileExec990442600.dir/link.txt --verbose=1
/usr/lib64/ccache/cc   -DCHECK_FUNCTION_EXISTS=pthread_create    CMakeFiles/cmTryCompileExec990442600.dir/CheckFunctionExists.c.o  -o cmTryCompileExec990442600 -rdynamic -lpthreads 
/usr/bin/ld: cannot find -lpthreads
collect2: ld returned 1 exit status
gmake[1]: *** [cmTryCompileExec990442600] Error 1
gmake[1]: Leaving directory `/afs/cs.stanford.edu/u/twangcat/scratch/caffenet1.0/CMakeFiles/CMakeTmp'
gmake: *** [cmTryCompileExec990442600/fast] Error 2


Determining if the pthread_create exist failed with the following output:
Change Dir: /afs/cs.stanford.edu/u/twangcat/scratch/caffenet1.0/CMakeFiles/CMakeTmp

Run Build Command:/usr/bin/gmake "cmTryCompileExec716399631/fast"
/usr/bin/gmake -f CMakeFiles/cmTryCompileExec716399631.dir/build.make CMakeFiles/cmTryCompileExec716399631.dir/build
gmake[1]: Entering directory `/afs/cs.stanford.edu/u/twangcat/scratch/caffenet1.0/CMakeFiles/CMakeTmp'
/afs/cs.stanford.edu/u/twangcat/scratch/packages/bin/cmake -E cmake_progress_report /afs/cs.stanford.edu/u/twangcat/scratch/caffenet1.0/CMakeFiles/CMakeTmp/CMakeFiles 1
Building C object CMakeFiles/cmTryCompileExec716399631.dir/CheckSymbolExists.c.o
/usr/lib64/ccache/cc    -o CMakeFiles/cmTryCompileExec716399631.dir/CheckSymbolExists.c.o   -c /afs/cs.stanford.edu/u/twangcat/scratch/caffenet1.0/CMakeFiles/CMakeTmp/CheckSymbolExists.c
Linking C executable cmTryCompileExec716399631
/afs/cs.stanford.edu/u/twangcat/scratch/packages/bin/cmake -E cmake_link_script CMakeFiles/cmTryCompileExec716399631.dir/link.txt --verbose=1
/usr/lib64/ccache/cc       CMakeFiles/cmTryCompileExec716399631.dir/CheckSymbolExists.c.o  -o cmTryCompileExec716399631 -rdynamic 
CMakeFiles/cmTryCompileExec716399631.dir/CheckSymbolExists.c.o: In function `main':
CheckSymbolExists.c:(.text+0xc): undefined reference to `pthread_create'
collect2: ld returned 1 exit status
gmake[1]: *** [cmTryCompileExec716399631] Error 1
gmake[1]: Leaving directory `/afs/cs.stanford.edu/u/twangcat/scratch/caffenet1.0/CMakeFiles/CMakeTmp'
gmake: *** [cmTryCompileExec716399631/fast] Error 2

File /afs/cs.stanford.edu/u/twangcat/scratch/caffenet1.0/CMakeFiles/CMakeTmp/CheckSymbolExists.c:
/* */
#include <pthread.h>

int main(int argc, char** argv)
{
  (void)argv;
#ifndef pthread_create
  return ((int*)(&pthread_create))[argc];
#else
  (void)argc;
  return 0;
#endif
}

Determining if the function pthread_create exists in the pthreads failed with the following output:
Change Dir: /afs/cs.stanford.edu/u/twangcat/scratch/caffenet1.0/CMakeFiles/CMakeTmp

Run Build Command:/usr/bin/gmake "cmTryCompileExec4042031010/fast"
/usr/bin/gmake -f CMakeFiles/cmTryCompileExec4042031010.dir/build.make CMakeFiles/cmTryCompileExec4042031010.dir/build
gmake[1]: Entering directory `/afs/cs.stanford.edu/u/twangcat/scratch/caffenet1.0/CMakeFiles/CMakeTmp'
/afs/cs.stanford.edu/u/twangcat/scratch/packages/bin/cmake -E cmake_progress_report /afs/cs.stanford.edu/u/twangcat/scratch/caffenet1.0/CMakeFiles/CMakeTmp/CMakeFiles 1
Building C object CMakeFiles/cmTryCompileExec4042031010.dir/CheckFunctionExists.c.o
/usr/lib64/ccache/cc   -DCHECK_FUNCTION_EXISTS=pthread_create   -o CMakeFiles/cmTryCompileExec4042031010.dir/CheckFunctionExists.c.o   -c /afs/cs.stanford.edu/u/twangcat/scratch/packages/share/cmake-2.8/Modules/CheckFunctionExists.c
Linking C executable cmTryCompileExec4042031010
/afs/cs.stanford.edu/u/twangcat/scratch/packages/bin/cmake -E cmake_link_script CMakeFiles/cmTryCompileExec4042031010.dir/link.txt --verbose=1
/usr/lib64/ccache/cc   -DCHECK_FUNCTION_EXISTS=pthread_create    CMakeFiles/cmTryCompileExec4042031010.dir/CheckFunctionExists.c.o  -o cmTryCompileExec4042031010 -rdynamic -lpthreads 
/usr/bin/ld: cannot find -lpthreads
collect2: ld returned 1 exit status
gmake[1]: *** [cmTryCompileExec4042031010] Error 1
gmake[1]: Leaving directory `/afs/cs.stanford.edu/u/twangcat/scratch/caffenet1.0/CMakeFiles/CMakeTmp'
gmake: *** [cmTryCompileExec4042031010/fast] Error 2


Determining if the pthread_create exist failed with the following output:
Change Dir: /afs/cs.stanford.edu/u/twangcat/scratch/caffenet1.0/CMakeFiles/CMakeTmp

Run Build Command:/usr/bin/gmake "cmTryCompileExec2118670745/fast"
/usr/bin/gmake -f CMakeFiles/cmTryCompileExec2118670745.dir/build.make CMakeFiles/cmTryCompileExec2118670745.dir/build
gmake[1]: Entering directory `/afs/cs.stanford.edu/u/twangcat/scratch/caffenet1.0/CMakeFiles/CMakeTmp'
/afs/cs.stanford.edu/u/twangcat/scratch/packages/bin/cmake -E cmake_progress_report /afs/cs.stanford.edu/u/twangcat/scratch/caffenet1.0/CMakeFiles/CMakeTmp/CMakeFiles 1
Building C object CMakeFiles/cmTryCompileExec2118670745.dir/CheckSymbolExists.c.o
/usr/lib64/ccache/cc    -o CMakeFiles/cmTryCompileExec2118670745.dir/CheckSymbolExists.c.o   -c /afs/cs.stanford.edu/u/twangcat/scratch/caffenet1.0/CMakeFiles/CMakeTmp/CheckSymbolExists.c
Linking C executable cmTryCompileExec2118670745
/afs/cs.stanford.edu/u/twangcat/scratch/packages/bin/cmake -E cmake_link_script CMakeFiles/cmTryCompileExec2118670745.dir/link.txt --verbose=1
/usr/lib64/ccache/cc       CMakeFiles/cmTryCompileExec2118670745.dir/CheckSymbolExists.c.o  -o cmTryCompileExec2118670745 -rdynamic 
CMakeFiles/cmTryCompileExec2118670745.dir/CheckSymbolExists.c.o: In function `main':
CheckSymbolExists.c:(.text+0xc): undefined reference to `pthread_create'
collect2: ld returned 1 exit status
gmake[1]: *** [cmTryCompileExec2118670745] Error 1
gmake[1]: Leaving directory `/afs/cs.stanford.edu/u/twangcat/scratch/caffenet1.0/CMakeFiles/CMakeTmp'
gmake: *** [cmTryCompileExec2118670745/fast] Error 2

File /afs/cs.stanford.edu/u/twangcat/scratch/caffenet1.0/CMakeFiles/CMakeTmp/CheckSymbolExists.c:
/* */
#include <pthread.h>

int main(int argc, char** argv)
{
  (void)argv;
#ifndef pthread_create
  return ((int*)(&pthread_create))[argc];
#else
  (void)argc;
  return 0;
#endif
}

Determining if the function pthread_create exists in the pthreads failed with the following output:
Change Dir: /afs/cs.stanford.edu/u/twangcat/scratch/caffenet1.0/CMakeFiles/CMakeTmp

Run Build Command:/usr/bin/gmake "cmTryCompileExec2146594152/fast"
/usr/bin/gmake -f CMakeFiles/cmTryCompileExec2146594152.dir/build.make CMakeFiles/cmTryCompileExec2146594152.dir/build
gmake[1]: Entering directory `/afs/cs.stanford.edu/u/twangcat/scratch/caffenet1.0/CMakeFiles/CMakeTmp'
/afs/cs.stanford.edu/u/twangcat/scratch/packages/bin/cmake -E cmake_progress_report /afs/cs.stanford.edu/u/twangcat/scratch/caffenet1.0/CMakeFiles/CMakeTmp/CMakeFiles 1
Building C object CMakeFiles/cmTryCompileExec2146594152.dir/CheckFunctionExists.c.o
/usr/lib64/ccache/cc   -DCHECK_FUNCTION_EXISTS=pthread_create   -o CMakeFiles/cmTryCompileExec2146594152.dir/CheckFunctionExists.c.o   -c /afs/cs.stanford.edu/u/twangcat/scratch/packages/share/cmake-2.8/Modules/CheckFunctionExists.c
Linking C executable cmTryCompileExec2146594152
/afs/cs.stanford.edu/u/twangcat/scratch/packages/bin/cmake -E cmake_link_script CMakeFiles/cmTryCompileExec2146594152.dir/link.txt --verbose=1
/usr/lib64/ccache/cc   -DCHECK_FUNCTION_EXISTS=pthread_create    CMakeFiles/cmTryCompileExec2146594152.dir/CheckFunctionExists.c.o  -o cmTryCompileExec2146594152 -rdynamic -lpthreads 
/usr/bin/ld: cannot find -lpthreads
collect2: ld returned 1 exit status
gmake[1]: *** [cmTryCompileExec2146594152] Error 1
gmake[1]: Leaving directory `/afs/cs.stanford.edu/u/twangcat/scratch/caffenet1.0/CMakeFiles/CMakeTmp'
gmake: *** [cmTryCompileExec2146594152/fast] Error 2


